<?xml version="1.0" encoding="UTF-8"?>
<!-- Generated by org.testng.reporters.JUnitXMLReporter -->
<testsuite ignored="0" hostname="Dianas-MacBook-Air.local" failures="0" tests="8" name="Default test" time="116.241" errors="0" timestamp="27 Jun 2022 10:18:53 GMT">
  <testcase classname="testCases.TestCasesExam" name="GIVEN_userAddsDiamondHeartNecklaceToShoppingCart_WHEN_userSelectsUSACountry_AND_selectsMassachusettsState_AND_inputs02216ZipCode_AND_userSelectsEstimateShipping_THEN_shippingDetailsAreDisplays" time="12.175"/>
  <testcase classname="testCases.TestCasesExam" name="GIVEN_userAddsYellowApplePhoneCoverToShoppingCart_WHEN_userChecksTheRemoveCheckbox_AND_selectsUpdateShopingCart_THEN_itemsAreSuccessfullyRemovedFromShoppingCart_AND_emptyCartMessageIsReturns" time="18.669"/>
  <testcase classname="testCases.TestCasesExam" name="GIVEN_userIsOnLandingPage_AND_entersSmartphoneAsSearchString_AND_clicksSearchButton_AND_addsToCart_WHEN_userUpdatesQtyTextBox_THEN_shoppingCartAmountIsUpdated" time="15.552"/>
  <testcase classname="testCases.TestCasesExam" name="GIVEN_userIsOnLandingPage_AND_selectsBlueJeansViaApparlAndShoesHeaderMenu_WHEN_userAddsToCart_THEN_successNotificationIsDisplayed_AND_itemIsSuccessfullyDisplaysInShopppingCart" time="10.682"/>
  <testcase classname="testCases.TestCasesExam" name="GIVEN_userSelectsAddToCompareListForDesktopPCWithCDRW_AND_userSelectsAddToCompareListForDesktopPCWithCDRW_AND_itemsDisplayInCompareProducts_WHEN_userSelectsClearList_THEN_listIsCleared_AND_noItemsMessageIsReturned" time="17.887"/>
  <testcase classname="testCases.TestCasesExam" name="GIVEN_userSelectsCreateYourOwnJewelryViaTheJewelryCategoryList_AND_selectsSilverImm_AND_inputs30cmLength_AND_selectsStarPendantType_WHEN_userAddsToCart_THEN_itemIsSuccessfullyDisplaysInShopppingCart" time="15.321"/>
  <testcase classname="testCases.TestCasesExam" name="SearchSiteWithExcel" time="12.816"/>
  <testcase classname="testCases.TestCasesExam" name="SearchSiteWithExcel" time="12.869"/>
</testsuite> <!-- Default test -->
